<?xml version="1.0" encoding="UTF-8"?>
<!-- Generated by org.testng.reporters.JUnitXMLReporter -->
<testsuite hostname="KrishanuSayani" ignored="0" name="Test" tests="5" failures="0" timestamp="08 Apr 2020 06:13:47 GMT" time="181.147" errors="0">
  <testcase name="singleRecordEntryWithAPI" time="40.727" classname="TechChallenge.userStory1"/>
  <testcase name="multipleRecordEntryAPI" time="48.808" classname="TechChallenge.userStory2"/>
  <testcase name="uploadCsvFile" time="30.885" classname="TechChallenge.userStory3"/>
  <testcase name="getResponseValidation" time="20.077" classname="TechChallenge.userStory4"/>
  <testcase name="dispenseTax" time="35.303" classname="TechChallenge.userStory5"/>
</testsuite> <!-- Test -->
